e:\coding\project3\project1\x64\release\vc141.pdb
e:\coding\project3\project1\x64\release\sqlite3test.obj
e:\coding\project3\project1\x64\release\source.obj
e:\coding\project3\project1\x64\release\test.obj
e:\coding\project3\project1\x64\release\project1.ipdb
e:\coding\project3\project1\x64\release\project1.iobj
e:\coding\project3\project1\x64\release\vcpkg.applocal.log
e:\coding\project3\project1\x64\release\gobject-2.dll
e:\coding\project3\project1\x64\release\glib-2.dll
e:\coding\project3\project1\x64\release\pcre.dll
e:\coding\project3\project1\x64\release\libiconv.dll
e:\coding\project3\project1\x64\release\libcharset.dll
e:\coding\project3\project1\x64\release\libintl.dll
e:\coding\project3\project1\x64\release\libffi.dll
e:\coding\project3\project1\x64\release\gtk-3.dll
e:\coding\project3\project1\x64\release\epoxy-0.dll
e:\coding\project3\project1\x64\release\gio-2.dll
e:\coding\project3\project1\x64\release\gmodule-2.dll
e:\coding\project3\project1\x64\release\zlib1.dll
e:\coding\project3\project1\x64\release\cairo.dll
e:\coding\project3\project1\x64\release\libpng16.dll
e:\coding\project3\project1\x64\release\freetype.dll
e:\coding\project3\project1\x64\release\bz2.dll
e:\coding\project3\project1\x64\release\fontconfig.dll
e:\coding\project3\project1\x64\release\expat.dll
e:\coding\project3\project1\x64\release\cairo-gobject.dll
e:\coding\project3\project1\x64\release\pango-1.dll
e:\coding\project3\project1\x64\release\pangocairo-1.dll
e:\coding\project3\project1\x64\release\pangoft2-1.dll
e:\coding\project3\project1\x64\release\harfbuzz.dll
e:\coding\project3\project1\x64\release\pangowin32-1.dll
e:\coding\project3\project1\x64\release\gdk_pixbuf-2.dll
e:\coding\project3\project1\x64\release\atk-1.dll
e:\coding\project3\project1\x64\release\gdk-3.dll
e:\coding\project3\project1\x64\release\sqlite3.dll
e:\coding\project3\project1\x64\release\project1.pdb
e:\coding\project3\project1\x64\release\project1.tlog\cl.command.1.tlog
e:\coding\project3\project1\x64\release\project1.tlog\cl.read.1.tlog
e:\coding\project3\project1\x64\release\project1.tlog\cl.write.1.tlog
e:\coding\project3\project1\x64\release\project1.tlog\link.command.1.tlog
e:\coding\project3\project1\x64\release\project1.tlog\link.read.1.tlog
e:\coding\project3\project1\x64\release\project1.tlog\link.write.1.tlog
e:\coding\project3\project1\x64\release\project1.tlog\project1.write.1u.tlog
