
E:\Coding\Project3\Project1\x64\Release\gdk-3.dll
E:\Coding\Project3\Project1\x64\Release\libintl.dll
E:\Coding\Project3\Project1\x64\Release\libiconv.dll
E:\Coding\Project3\Project1\x64\Release\libcharset.dll
E:\Coding\Project3\Project1\x64\Release\epoxy-0.dll
E:\Coding\Project3\Project1\x64\Release\glib-2.dll
E:\Coding\Project3\Project1\x64\Release\pcre.dll
E:\Coding\Project3\Project1\x64\Release\gio-2.dll
E:\Coding\Project3\Project1\x64\Release\gmodule-2.dll
E:\Coding\Project3\Project1\x64\Release\gobject-2.dll
E:\Coding\Project3\Project1\x64\Release\libffi.dll
E:\Coding\Project3\Project1\x64\Release\zlib1.dll
E:\Coding\Project3\Project1\x64\Release\cairo.dll
E:\Coding\Project3\Project1\x64\Release\libpng16.dll
E:\Coding\Project3\Project1\x64\Release\freetype.dll
E:\Coding\Project3\Project1\x64\Release\bz2.dll
E:\Coding\Project3\Project1\x64\Release\fontconfig.dll
E:\Coding\Project3\Project1\x64\Release\expat.dll
E:\Coding\Project3\Project1\x64\Release\cairo-gobject.dll
E:\Coding\Project3\Project1\x64\Release\pango-1.dll
E:\Coding\Project3\Project1\x64\Release\pangocairo-1.dll
E:\Coding\Project3\Project1\x64\Release\pangoft2-1.dll
E:\Coding\Project3\Project1\x64\Release\harfbuzz.dll
E:\Coding\Project3\Project1\x64\Release\pangowin32-1.dll
E:\Coding\Project3\Project1\x64\Release\gdk_pixbuf-2.dll
E:\Coding\Project3\Project1\x64\Release\gtk-3.dll
E:\Coding\Project3\Project1\x64\Release\atk-1.dll
E:\Coding\Project3\Project1\x64\Release\sqlite3.dll
