
E:\Coding\Project3\Project1\x64\Debug\gobject-2.dll
E:\Coding\Project3\Project1\x64\Debug\glib-2.dll
E:\Coding\Project3\Project1\x64\Debug\pcred.dll
E:\Coding\Project3\Project1\x64\Debug\libiconv.dll
E:\Coding\Project3\Project1\x64\Debug\libcharset.dll
E:\Coding\Project3\Project1\x64\Debug\libintl.dll
E:\Coding\Project3\Project1\x64\Debug\libffi.dll
E:\Coding\Project3\Project1\x64\Debug\gtk-3.dll
E:\Coding\Project3\Project1\x64\Debug\epoxy-0.dll
E:\Coding\Project3\Project1\x64\Debug\gio-2.dll
E:\Coding\Project3\Project1\x64\Debug\gmodule-2.dll
E:\Coding\Project3\Project1\x64\Debug\zlibd1.dll
E:\Coding\Project3\Project1\x64\Debug\cairod.dll
E:\Coding\Project3\Project1\x64\Debug\libpng16d.dll
E:\Coding\Project3\Project1\x64\Debug\freetyped.dll
E:\Coding\Project3\Project1\x64\Debug\bz2d.dll
E:\Coding\Project3\Project1\x64\Debug\fontconfig.dll
E:\Coding\Project3\Project1\x64\Debug\expatd.dll
E:\Coding\Project3\Project1\x64\Debug\cairo-gobjectd.dll
E:\Coding\Project3\Project1\x64\Debug\pango-1.dll
E:\Coding\Project3\Project1\x64\Debug\pangocairo-1.dll
E:\Coding\Project3\Project1\x64\Debug\pangoft2-1.dll
E:\Coding\Project3\Project1\x64\Debug\harfbuzz.dll
E:\Coding\Project3\Project1\x64\Debug\pangowin32-1.dll
E:\Coding\Project3\Project1\x64\Debug\gdk_pixbuf-2.dll
E:\Coding\Project3\Project1\x64\Debug\atk-1.dll
E:\Coding\Project3\Project1\x64\Debug\gdk-3.dll
